<?xml version="1.0" encoding="UTF-8"?>
<!-- Generated by org.testng.reporters.JUnitReportReporter -->
<testsuite skipped="0" hostname="IL-MF10-NA102OH" name="selenium.TC01" tests="1" failures="0" timestamp="02 May 2019 09:59:55 GMT" time="10.665" errors="0">
  <testcase name="loginToApp" time="10.665" classname="selenium.TC01"/>
</testsuite> <!-- selenium.TC01 -->
