<?xml version="1.0" encoding="UTF-8"?>
<!-- Generated by org.testng.reporters.JUnitReportReporter -->
<testsuite skipped="0" hostname="IL-MF10-NA102OH" name="selenium.TestNGTests" tests="1" failures="0" timestamp="23 Sep 2019 10:23:43 GMT" time="32.245" errors="0">
  <testcase name="yahooLoginTest" time="32.245" classname="selenium.TestNGTests"/>
</testsuite> <!-- selenium.TestNGTests -->
