<?xml version="1.0" encoding="UTF-8"?>
<!-- Generated by org.testng.reporters.JUnitReportReporter -->
<testsuite skipped="0" hostname="IL-MF10-NA102OH" name="selenium.HandleWindow" tests="1" failures="0" timestamp="10 May 2019 09:49:52 GMT" time="55.625" errors="0">
  <testcase name="handleWindow" time="55.625" classname="selenium.HandleWindow"/>
</testsuite> <!-- selenium.HandleWindow -->
