<?xml version="1.0" encoding="UTF-8"?>
<!-- Generated by org.testng.reporters.JUnitReportReporter -->
<testsuite skipped="0" hostname="IL-MF10-NA102OH" name="selenium.Class1" tests="3" failures="0" timestamp="16 Apr 2019 08:13:58 GMT" time="23.479" errors="0">
  <testcase name="verifyYahoo" time="17.104" classname="selenium.Class1"/>
  <testcase name="verifyGcrit" time="3.355" classname="selenium.Class1"/>
  <testcase name="verifyGoogle" time="3.020" classname="selenium.Class1"/>
</testsuite> <!-- selenium.Class1 -->
