<?xml version="1.0" encoding="UTF-8"?>
<!-- Generated by org.testng.reporters.JUnitReportReporter -->
<testsuite skipped="0" hostname="IL-MF10-NA102OH" name="java_sel.Findelementsuse" tests="1" failures="0" timestamp="02 Jul 2019 01:41:26 GMT" time="15.344" errors="0">
  <testcase name="tag_name" time="15.344" classname="java_sel.Findelementsuse"/>
</testsuite> <!-- java_sel.Findelementsuse -->
