<?xml version="1.0" encoding="UTF-8"?>
<!-- Generated by org.testng.reporters.JUnitReportReporter -->
<testsuite skipped="0" hostname="IL-MF10-NA102OH" name="selenium.Mousehover" tests="1" failures="0" timestamp="29 Apr 2019 10:33:22 GMT" time="29.697" errors="0">
  <testcase name="mouseHover" time="29.697" classname="selenium.Mousehover"/>
</testsuite> <!-- selenium.Mousehover -->
