<?xml version="1.0" encoding="UTF-8"?>
<!-- Generated by org.testng.reporters.JUnitReportReporter -->
<testsuite skipped="0" hostname="IL-MF10-NA102OH" name="selenium.ClassG" tests="4" failures="0" timestamp="17 Apr 2019 05:13:49 GMT" time="14.875" errors="0">
  <testcase name="launchBrowser" time="5.500" classname="selenium.ClassG"/>
  <testcase name="verifyGcrit" time="3.664" classname="selenium.ClassG"/>
  <testcase name="verifyGoogle" time="3.320" classname="selenium.ClassG"/>
  <testcase name="closeBrowser" time="2.391" classname="selenium.ClassG"/>
</testsuite> <!-- selenium.ClassG -->
