<?xml version="1.0" encoding="UTF-8"?>
<!-- Generated by org.testng.reporters.JUnitReportReporter -->
<testsuite skipped="0" hostname="IL-MF10-NA102OH" name="selenium.Dropdown" tests="1" failures="0" timestamp="29 Apr 2019 09:49:20 GMT" time="8.638" errors="0">
  <testcase name="alertHandle" time="8.638" classname="selenium.Dropdown"/>
</testsuite> <!-- selenium.Dropdown -->
