<?xml version="1.0" encoding="UTF-8"?>
<!-- Generated by org.testng.reporters.JUnitReportReporter -->
<testsuite skipped="0" hostname="IL-MF10-NA102OH" name="selenium.VerifyTitle" tests="8" failures="0" timestamp="18 Sep 2019 10:03:02 GMT" time="133.323" errors="0">
  <testcase name="launchBrowser" time="5.133" classname="selenium.VerifyTitle"/>
  <testcase name="bofaTitle" time="22.756" classname="selenium.VerifyTitle"/>
  <testcase name="hsbcTitle" time="14.864" classname="selenium.VerifyTitle"/>
  <testcase name="yahooTitle" time="27.323" classname="selenium.VerifyTitle"/>
  <testcase name="gcrTitle" time="3.580" classname="selenium.VerifyTitle"/>
  <testcase name="googleTitle" time="24.776" classname="selenium.VerifyTitle"/>
  <testcase name="yesTitle" time="33.982" classname="selenium.VerifyTitle"/>
  <testcase name="closeBrowser" time="0.909" classname="selenium.VerifyTitle"/>
</testsuite> <!-- selenium.VerifyTitle -->
