<?xml version="1.0" encoding="UTF-8"?>
<!-- Generated by org.testng.reporters.JUnitReportReporter -->
<testsuite skipped="0" hostname="IL-MF10-NA102OH" name="java_sel.Broken_links" tests="3" failures="0" timestamp="19 Jul 2019 12:49:58 GMT" time="50.383" errors="0">
  <testcase name="link_count" time="0.070" classname="java_sel.Broken_links"/>
  <testcase name="avoid_null" time="1.525" classname="java_sel.Broken_links"/>
  <testcase name="ckeck_connection" time="48.788" classname="java_sel.Broken_links"/>
</testsuite> <!-- java_sel.Broken_links -->
