<?xml version="1.0" encoding="UTF-8"?>
<!-- Generated by org.testng.reporters.JUnitReportReporter -->
<testsuite skipped="0" hostname="IL-MF10-NA102OH" name="java_sel.Alert_popup" tests="1" failures="0" timestamp="06 Jul 2019 03:45:46 GMT" time="30.073" errors="0">
  <testcase name="popup" time="30.073" classname="java_sel.Alert_popup"/>
</testsuite> <!-- java_sel.Alert_popup -->
