<?xml version="1.0" encoding="UTF-8"?>
<!-- Generated by org.testng.reporters.JUnitReportReporter -->
<testsuite skipped="0" hostname="IL-MF10-NA102OH" name="selenium.Class2" tests="3" failures="0" timestamp="16 Apr 2019 08:13:58 GMT" time="25.933" errors="0">
  <testcase name="verifyBOFA" time="5.214" classname="selenium.Class2"/>
  <testcase name="verifyICICI" time="10.698" classname="selenium.Class2"/>
  <testcase name="verifyHSBC" time="10.021" classname="selenium.Class2"/>
</testsuite> <!-- selenium.Class2 -->
