<?xml version="1.0" encoding="UTF-8"?>
<!-- Generated by org.testng.reporters.JUnitReportReporter -->
<testsuite skipped="0" hostname="IL-MF10-NA102OH" name="selenium.DataAddition" tests="4" failures="0" timestamp="17 Apr 2019 09:57:40 GMT" time="0.015" errors="0">
  <testcase name="addition" time="0.000" classname="selenium.DataAddition"/>
  <testcase name="addition" time="0.015" classname="selenium.DataAddition"/>
  <testcase name="addition" time="0.000" classname="selenium.DataAddition"/>
  <testcase name="addition" time="0.000" classname="selenium.DataAddition"/>
</testsuite> <!-- selenium.DataAddition -->
